<?xml version="1.0" encoding="UTF-8"?>
<testsuite name="CinemaTests" tests="1" skipped="0" failures="0" errors="0" timestamp="2025-05-28T13:25:48" hostname="TRAYANA" time="0.054">
  <properties/>
  <testcase name="start" classname="CinemaTests" time="0.054"/>
  <system-out><![CDATA[?[1;31m
Start test 1?[0m
Enter the number of rows:
> 4
Enter the number of seats in each row:
> 5
Total income:
$200
?[1;31m
Start test 2?[0m
Enter the number of rows:
> 8
Enter the number of seats in each row:
> 9
Total income:
$648
Enter the number of rows:
> 9
Enter the number of seats in each row:
> 7
Total income:
$560
Enter the number of rows:
> 7
Enter the number of seats in each row:
> 9
Total income:
$558
Enter the number of rows:
> 1
Enter the number of seats in each row:
> 1
Total income:
$10
Enter the number of rows:
> 3
Enter the number of seats in each row:
> 3
Total income:
$90
Enter the number of rows:
> 8
Enter the number of seats in each row:
> 8
Total income:
$576
]]></system-out>
  <system-err><![CDATA[]]></system-err>
</testsuite>
